<?xml version="1.0" encoding="UTF-8"?>
<!-- Generated by org.testng.reporters.JUnitReportReporter -->
<testsuite hostname="OPBLLT-SACHIN" name="com.spacex.api.GetLatestSpaceX" tests="1" failures="0" timestamp="8 Jun 2021 11:26:26 GMT" time="5.395" errors="0">
  <testcase name="getSpaceXLatest" time="5.395" classname="com.spacex.api.GetLatestSpaceX"/>
</testsuite> <!-- com.spacex.api.GetLatestSpaceX -->
