<?xml version="1.0" encoding="UTF-8"?>
<!-- Generated by org.testng.reporters.JUnitReportReporter -->
<testsuite hostname="OPBLLT-SACHIN" name="com.blazedemo.test.FlighBooking.TestFlightBooking" tests="1" failures="0" timestamp="8 Jun 2021 10:36:35 GMT" time="17.014" errors="0">
  <testcase name="flightBooking" time="17.014" classname="com.blazedemo.test.FlighBooking.TestFlightBooking"/>
</testsuite> <!-- com.blazedemo.test.FlighBooking.TestFlightBooking -->
